# JRE version: OpenJDK Runtime Environment (8.0_242-b01) (build 1.8.0_242-release-1644-b01)
# Java VM: OpenJDK 64-Bit Server VM (25.242-b01 mixed mode windows-amd64 compressed oops)
Heap:
 PSYoungGen      total 116736K, used 96084K [0x00000000d5580000, 0x00000000dd380000, 0x0000000100000000)
  eden space 104448K, 91% used [0x00000000d5580000,0x00000000db3550e0,0x00000000dbb80000)
  from space 12288K, 0% used [0x00000000dbb80000,0x00000000dbb80000,0x00000000dc780000)
  to   space 10752K, 0% used [0x00000000dc900000,0x00000000dc900000,0x00000000dd380000)
 ParOldGen       total 96768K, used 15707K [0x0000000080000000, 0x0000000085e80000, 0x00000000d5580000)
  object space 96768K, 16% used [0x0000000080000000,0x0000000080f56ca0,0x0000000085e80000)
 Metaspace       used 42645K, capacity 44092K, committed 44328K, reserved 1087488K
  class space    used 5757K, capacity 6104K, committed 6192K, reserved 1048576K
GC Heap History (10 events):
Event: 1.729 GC heap before
{Heap before GC invocations=5 (full 1):
 PSYoungGen      total 75776K, used 7875K [0x00000000d5580000, 0x00000000daa00000, 0x0000000100000000)
  eden space 65024K, 0% used [0x00000000d5580000,0x00000000d5580000,0x00000000d9500000)
  from space 10752K, 73% used [0x00000000d9f80000,0x00000000da730d98,0x00000000daa00000)
  to   space 10752K, 0% used [0x00000000d9500000,0x00000000d9500000,0x00000000d9f80000)
 ParOldGen       total 173568K, used 1505K [0x0000000080000000, 0x000000008a980000, 0x00000000d5580000)
  object space 173568K, 0% used [0x0000000080000000,0x0000000080178610,0x000000008a980000)
 Metaspace       used 20538K, capacity 21240K, committed 21296K, reserved 1067008K
  class space    used 2872K, capacity 3088K, committed 3120K, reserved 1048576K
Event: 1.758 GC heap after
Heap after GC invocations=5 (full 1):
 PSYoungGen      total 75776K, used 0K [0x00000000d5580000, 0x00000000daa00000, 0x0000000100000000)
  eden space 65024K, 0% used [0x00000000d5580000,0x00000000d5580000,0x00000000d9500000)
  from space 10752K, 0% used [0x00000000d9f80000,0x00000000d9f80000,0x00000000daa00000)
  to   space 10752K, 0% used [0x00000000d9500000,0x00000000d9500000,0x00000000d9f80000)
 ParOldGen       total 96768K, used 7701K [0x0000000080000000, 0x0000000085e80000, 0x00000000d5580000)
  object space 96768K, 7% used [0x0000000080000000,0x0000000080785778,0x0000000085e80000)
 Metaspace       used 20538K, capacity 21240K, committed 21296K, reserved 1067008K
  class space    used 2872K, capacity 3088K, committed 3120K, reserved 1048576K
}
Event: 2.172 GC heap before
{Heap before GC invocations=6 (full 1):
 PSYoungGen      total 75776K, used 65024K [0x00000000d5580000, 0x00000000daa00000, 0x0000000100000000)
  eden space 65024K, 100% used [0x00000000d5580000,0x00000000d9500000,0x00000000d9500000)
  from space 10752K, 0% used [0x00000000d9f80000,0x00000000d9f80000,0x00000000daa00000)
  to   space 10752K, 0% used [0x00000000d9500000,0x00000000d9500000,0x00000000d9f80000)
 ParOldGen       total 96768K, used 7701K [0x0000000080000000, 0x0000000085e80000, 0x00000000d5580000)
  object space 96768K, 7% used [0x0000000080000000,0x0000000080785778,0x0000000085e80000)
 Metaspace       used 28159K, capacity 28928K, committed 29232K, reserved 1075200K
  class space    used 3886K, capacity 4131K, committed 4144K, reserved 1048576K
Event: 2.176 GC heap after
Heap after GC invocations=6 (full 1):
 PSYoungGen      total 75776K, used 8021K [0x00000000d5580000, 0x00000000dd580000, 0x0000000100000000)
  eden space 65024K, 0% used [0x00000000d5580000,0x00000000d5580000,0x00000000d9500000)
  from space 10752K, 74% used [0x00000000d9500000,0x00000000d9cd54e0,0x00000000d9f80000)
  to   space 12800K, 0% used [0x00000000dc900000,0x00000000dc900000,0x00000000dd580000)
 ParOldGen       total 96768K, used 7709K [0x0000000080000000, 0x0000000085e80000, 0x00000000d5580000)
  object space 96768K, 7% used [0x0000000080000000,0x0000000080787778,0x0000000085e80000)
 Metaspace       used 28159K, capacity 28928K, committed 29232K, reserved 1075200K
  class space    used 3886K, capacity 4131K, committed 4144K, reserved 1048576K
}
Event: 2.497 GC heap before
{Heap before GC invocations=7 (full 1):
 PSYoungGen      total 75776K, used 73045K [0x00000000d5580000, 0x00000000dd580000, 0x0000000100000000)
  eden space 65024K, 100% used [0x00000000d5580000,0x00000000d9500000,0x00000000d9500000)
  from space 10752K, 74% used [0x00000000d9500000,0x00000000d9cd54e0,0x00000000d9f80000)
  to   space 12800K, 0% used [0x00000000dc900000,0x00000000dc900000,0x00000000dd580000)
 ParOldGen       total 96768K, used 7709K [0x0000000080000000, 0x0000000085e80000, 0x00000000d5580000)
  object space 96768K, 7% used [0x0000000080000000,0x0000000080787778,0x0000000085e80000)
 Metaspace       used 32194K, capacity 32996K, committed 33072K, reserved 1077248K
  class space    used 4392K, capacity 4613K, committed 4656K, reserved 1048576K
Event: 2.503 GC heap after
Heap after GC invocations=7 (full 1):
 PSYoungGen      total 115200K, used 8662K [0x00000000d5580000, 0x00000000dd380000, 0x0000000100000000)
  eden space 104448K, 0% used [0x00000000d5580000,0x00000000d5580000,0x00000000dbb80000)
  from space 10752K, 80% used [0x00000000dc900000,0x00000000dd175930,0x00000000dd380000)
  to   space 12288K, 0% used [0x00000000dbb80000,0x00000000dbb80000,0x00000000dc780000)
 ParOldGen       total 96768K, used 7717K [0x0000000080000000, 0x0000000085e80000, 0x00000000d5580000)
  object space 96768K, 7% used [0x0000000080000000,0x0000000080789778,0x0000000085e80000)
 Metaspace       used 32194K, capacity 32996K, committed 33072K, reserved 1077248K
  class space    used 4392K, capacity 4613K, committed 4656K, reserved 1048576K
}
Event: 2.706 GC heap before
{Heap before GC invocations=8 (full 1):
 PSYoungGen      total 115200K, used 59114K [0x00000000d5580000, 0x00000000dd380000, 0x0000000100000000)
  eden space 104448K, 48% used [0x00000000d5580000,0x00000000d86c5018,0x00000000dbb80000)
  from space 10752K, 80% used [0x00000000dc900000,0x00000000dd175930,0x00000000dd380000)
  to   space 12288K, 0% used [0x00000000dbb80000,0x00000000dbb80000,0x00000000dc780000)
 ParOldGen       total 96768K, used 7717K [0x0000000080000000, 0x0000000085e80000, 0x00000000d5580000)
  object space 96768K, 7% used [0x0000000080000000,0x0000000080789778,0x0000000085e80000)
 Metaspace       used 34554K, capacity 35410K, committed 35496K, reserved 1079296K
  class space    used 4740K, capacity 4974K, committed 5040K, reserved 1048576K
Event: 2.717 GC heap after
Heap after GC invocations=8 (full 1):
 PSYoungGen      total 116736K, used 8764K [0x00000000d5580000, 0x00000000dd380000, 0x0000000100000000)
  eden space 104448K, 0% used [0x00000000d5580000,0x00000000d5580000,0x00000000dbb80000)
  from space 12288K, 71% used [0x00000000dbb80000,0x00000000dc40f208,0x00000000dc780000)
  to   space 10752K, 0% used [0x00000000dc900000,0x00000000dc900000,0x00000000dd380000)
 ParOldGen       total 96768K, used 7725K [0x0000000080000000, 0x0000000085e80000, 0x00000000d5580000)
  object space 96768K, 7% used [0x0000000080000000,0x000000008078b778,0x0000000085e80000)
 Metaspace       used 34554K, capacity 35410K, committed 35496K, reserved 1079296K
  class space    used 4740K, capacity 4974K, committed 5040K, reserved 1048576K
}
Event: 2.717 GC heap before
{Heap before GC invocations=9 (full 2):
 PSYoungGen      total 116736K, used 8764K [0x00000000d5580000, 0x00000000dd380000, 0x0000000100000000)
  eden space 104448K, 0% used [0x00000000d5580000,0x00000000d5580000,0x00000000dbb80000)
  from space 12288K, 71% used [0x00000000dbb80000,0x00000000dc40f208,0x00000000dc780000)
  to   space 10752K, 0% used [0x00000000dc900000,0x00000000dc900000,0x00000000dd380000)
 ParOldGen       total 96768K, used 7725K [0x0000000080000000, 0x0000000085e80000, 0x00000000d5580000)
  object space 96768K, 7% used [0x0000000080000000,0x000000008078b778,0x0000000085e80000)
 Metaspace       used 34554K, capacity 35410K, committed 35496K, reserved 1079296K
  class space    used 4740K, capacity 4974K, committed 5040K, reserved 1048576K
Event: 2.773 GC heap after
Heap after GC invocations=9 (full 2):
 PSYoungGen      total 116736K, used 0K [0x00000000d5580000, 0x00000000dd380000, 0x0000000100000000)
  eden space 104448K, 0% used [0x00000000d5580000,0x00000000d5580000,0x00000000dbb80000)
  from space 12288K, 0% used [0x00000000dbb80000,0x00000000dbb80000,0x00000000dc780000)
  to   space 10752K, 0% used [0x00000000dc900000,0x00000000dc900000,0x00000000dd380000)
 ParOldGen       total 96768K, used 15707K [0x0000000080000000, 0x0000000085e80000, 0x00000000d5580000)
  object space 96768K, 16% used [0x0000000080000000,0x0000000080f56ca0,0x0000000085e80000)
 Metaspace       used 34554K, capacity 35410K, committed 35496K, reserved 1079296K
  class space    used 4740K, capacity 4974K, committed 5040K, reserved 1048576K
}

